# JRE version: OpenJDK Runtime Environment (8.0_242-b01) (build 1.8.0_242-release-1644-b01)
# Java VM: OpenJDK 64-Bit Server VM (25.242-b01 mixed mode windows-amd64 compressed oops)
Heap:
 PSYoungGen      total 635904K, used 53213K [0x00000000d5580000, 0x0000000100000000, 0x0000000100000000)
  eden space 604160K, 8% used [0x00000000d5580000,0x00000000d89775a0,0x00000000fa380000)
  from space 31744K, 0% used [0x00000000fa380000,0x00000000fa380000,0x00000000fc280000)
  to   space 34304K, 0% used [0x00000000fde80000,0x00000000fde80000,0x0000000100000000)
 ParOldGen       total 99328K, used 72911K [0x0000000080000000, 0x0000000086100000, 0x00000000d5580000)
  object space 99328K, 73% used [0x0000000080000000,0x0000000084733c28,0x0000000086100000)
 Metaspace       used 95643K, capacity 99982K, committed 102092K, reserved 1138688K
  class space    used 12472K, capacity 13415K, committed 13824K, reserved 1048576K
GC Heap History (10 events):
Event: 21.030 GC heap before
{Heap before GC invocations=15 (full 3):
 PSYoungGen      total 367104K, used 367073K [0x00000000d5580000, 0x00000000f5a00000, 0x0000000100000000)
  eden space 344064K, 100% used [0x00000000d5580000,0x00000000ea580000,0x00000000ea580000)
  from space 23040K, 99% used [0x00000000ea580000,0x00000000ebbf86f8,0x00000000ebc00000)
  to   space 29696K, 0% used [0x00000000f3d00000,0x00000000f3d00000,0x00000000f5a00000)
 ParOldGen       total 99328K, used 45106K [0x0000000080000000, 0x0000000086100000, 0x00000000d5580000)
  object space 99328K, 45% used [0x0000000080000000,0x0000000082c0ca60,0x0000000086100000)
 Metaspace       used 79478K, capacity 84214K, committed 84440K, reserved 1122304K
  class space    used 10843K, capacity 11711K, committed 11776K, reserved 1048576K
Event: 21.085 GC heap after
Heap after GC invocations=15 (full 3):
 PSYoungGen      total 484864K, used 17508K [0x00000000d5580000, 0x00000000f5300000, 0x0000000100000000)
  eden space 462336K, 0% used [0x00000000d5580000,0x00000000d5580000,0x00000000f1900000)
  from space 22528K, 77% used [0x00000000f3d00000,0x00000000f4e191f8,0x00000000f5300000)
  to   space 29696K, 0% used [0x00000000f1900000,0x00000000f1900000,0x00000000f3600000)
 ParOldGen       total 99328K, used 63105K [0x0000000080000000, 0x0000000086100000, 0x00000000d5580000)
  object space 99328K, 63% used [0x0000000080000000,0x0000000083da0658,0x0000000086100000)
 Metaspace       used 79478K, capacity 84214K, committed 84440K, reserved 1122304K
  class space    used 10843K, capacity 11711K, committed 11776K, reserved 1048576K
}
Event: 23.495 GC heap before
{Heap before GC invocations=16 (full 3):
 PSYoungGen      total 484864K, used 479844K [0x00000000d5580000, 0x00000000f5300000, 0x0000000100000000)
  eden space 462336K, 100% used [0x00000000d5580000,0x00000000f1900000,0x00000000f1900000)
  from space 22528K, 77% used [0x00000000f3d00000,0x00000000f4e191f8,0x00000000f5300000)
  to   space 29696K, 0% used [0x00000000f1900000,0x00000000f1900000,0x00000000f3600000)
 ParOldGen       total 99328K, used 63105K [0x0000000080000000, 0x0000000086100000, 0x00000000d5580000)
  object space 99328K, 63% used [0x0000000080000000,0x0000000083da0658,0x0000000086100000)
 Metaspace       used 79947K, capacity 84770K, committed 84952K, reserved 1122304K
  class space    used 10862K, capacity 11749K, committed 11776K, reserved 1048576K
Event: 23.560 GC heap after
Heap after GC invocations=16 (full 3):
 PSYoungGen      total 492032K, used 2720K [0x00000000d5580000, 0x00000000fe900000, 0x0000000100000000)
  eden space 462336K, 0% used [0x00000000d5580000,0x00000000d5580000,0x00000000f1900000)
  from space 29696K, 9% used [0x00000000f1900000,0x00000000f1ba8000,0x00000000f3600000)
  to   space 29696K, 0% used [0x00000000fcc00000,0x00000000fcc00000,0x00000000fe900000)
 ParOldGen       total 99328K, used 68238K [0x0000000080000000, 0x0000000086100000, 0x00000000d5580000)
  object space 99328K, 68% used [0x0000000080000000,0x00000000842a39c8,0x0000000086100000)
 Metaspace       used 79947K, capacity 84770K, committed 84952K, reserved 1122304K
  class space    used 10862K, capacity 11749K, committed 11776K, reserved 1048576K
}
Event: 29.872 GC heap before
{Heap before GC invocations=17 (full 3):
 PSYoungGen      total 492032K, used 465056K [0x00000000d5580000, 0x00000000fe900000, 0x0000000100000000)
  eden space 462336K, 100% used [0x00000000d5580000,0x00000000f1900000,0x00000000f1900000)
  from space 29696K, 9% used [0x00000000f1900000,0x00000000f1ba8000,0x00000000f3600000)
  to   space 29696K, 0% used [0x00000000fcc00000,0x00000000fcc00000,0x00000000fe900000)
 ParOldGen       total 99328K, used 68238K [0x0000000080000000, 0x0000000086100000, 0x00000000d5580000)
  object space 99328K, 68% used [0x0000000080000000,0x00000000842a39c8,0x0000000086100000)
 Metaspace       used 81938K, capacity 86870K, committed 87000K, reserved 1124352K
  class space    used 11014K, capacity 11919K, committed 12032K, reserved 1048576K
Event: 29.924 GC heap after
Heap after GC invocations=17 (full 3):
 PSYoungGen      total 623616K, used 21714K [0x00000000d5580000, 0x00000000fe180000, 0x0000000100000000)
  eden space 601600K, 0% used [0x00000000d5580000,0x00000000d5580000,0x00000000fa100000)
  from space 22016K, 98% used [0x00000000fcc00000,0x00000000fe134a20,0x00000000fe180000)
  to   space 31744K, 0% used [0x00000000fa380000,0x00000000fa380000,0x00000000fc280000)
 ParOldGen       total 99328K, used 69998K [0x0000000080000000, 0x0000000086100000, 0x00000000d5580000)
  object space 99328K, 70% used [0x0000000080000000,0x000000008445b9c8,0x0000000086100000)
 Metaspace       used 81938K, capacity 86870K, committed 87000K, reserved 1124352K
  class space    used 11014K, capacity 11919K, committed 12032K, reserved 1048576K
}
Event: 454.259 GC heap before
{Heap before GC invocations=18 (full 3):
 PSYoungGen      total 623616K, used 307937K [0x00000000d5580000, 0x00000000fe180000, 0x0000000100000000)
  eden space 601600K, 47% used [0x00000000d5580000,0x00000000e6d03b50,0x00000000fa100000)
  from space 22016K, 98% used [0x00000000fcc00000,0x00000000fe134a20,0x00000000fe180000)
  to   space 31744K, 0% used [0x00000000fa380000,0x00000000fa380000,0x00000000fc280000)
 ParOldGen       total 99328K, used 69998K [0x0000000080000000, 0x0000000086100000, 0x00000000d5580000)
  object space 99328K, 70% used [0x0000000080000000,0x000000008445b9c8,0x0000000086100000)
 Metaspace       used 92713K, capacity 98252K, committed 98380K, reserved 1134592K
  class space    used 12282K, capacity 13378K, committed 13440K, reserved 1048576K
Event: 455.546 GC heap after
Heap after GC invocations=18 (full 3):
 PSYoungGen      total 635904K, used 24377K [0x00000000d5580000, 0x0000000100000000, 0x0000000100000000)
  eden space 604160K, 0% used [0x00000000d5580000,0x00000000d5580000,0x00000000fa380000)
  from space 31744K, 76% used [0x00000000fa380000,0x00000000fbb4e570,0x00000000fc280000)
  to   space 34304K, 0% used [0x00000000fde80000,0x00000000fde80000,0x0000000100000000)
 ParOldGen       total 99328K, used 74814K [0x0000000080000000, 0x0000000086100000, 0x00000000d5580000)
  object space 99328K, 75% used [0x0000000080000000,0x000000008490fac8,0x0000000086100000)
 Metaspace       used 92713K, capacity 98252K, committed 98380K, reserved 1134592K
  class space    used 12282K, capacity 13378K, committed 13440K, reserved 1048576K
}
Event: 455.548 GC heap before
{Heap before GC invocations=19 (full 4):
 PSYoungGen      total 635904K, used 24377K [0x00000000d5580000, 0x0000000100000000, 0x0000000100000000)
  eden space 604160K, 0% used [0x00000000d5580000,0x00000000d5580000,0x00000000fa380000)
  from space 31744K, 76% used [0x00000000fa380000,0x00000000fbb4e570,0x00000000fc280000)
  to   space 34304K, 0% used [0x00000000fde80000,0x00000000fde80000,0x0000000100000000)
 ParOldGen       total 99328K, used 74814K [0x0000000080000000, 0x0000000086100000, 0x00000000d5580000)
  object space 99328K, 75% used [0x0000000080000000,0x000000008490fac8,0x0000000086100000)
 Metaspace       used 92713K, capacity 98252K, committed 98380K, reserved 1134592K
  class space    used 12282K, capacity 13378K, committed 13440K, reserved 1048576K
Event: 465.340 GC heap after
Heap after GC invocations=19 (full 4):
 PSYoungGen      total 635904K, used 0K [0x00000000d5580000, 0x0000000100000000, 0x0000000100000000)
  eden space 604160K, 0% used [0x00000000d5580000,0x00000000d5580000,0x00000000fa380000)
  from space 31744K, 0% used [0x00000000fa380000,0x00000000fa380000,0x00000000fc280000)
  to   space 34304K, 0% used [0x00000000fde80000,0x00000000fde80000,0x0000000100000000)
 ParOldGen       total 99328K, used 72911K [0x0000000080000000, 0x0000000086100000, 0x00000000d5580000)
  object space 99328K, 73% used [0x0000000080000000,0x0000000084733c28,0x0000000086100000)
 Metaspace       used 92014K, capacity 96248K, committed 98380K, reserved 1134592K
  class space    used 12053K, capacity 12978K, committed 13440K, reserved 1048576K
}

